[2.919s] [34mcolcon[0m [1;30mDEBUG[0m [32mCommand line arguments: ['/usr/bin/colcon', 'build'][0m
[2.919s] [34mcolcon[0m [1;30mDEBUG[0m [32mParsed command line arguments: Namespace(log_base=None, log_level=None, verb_name='build', build_base='build', install_base='install', merge_install=False, symlink_install=False, test_result_base=None, continue_on_error=False, executor='parallel', parallel_workers=8, event_handlers=None, ignore_user_meta=False, metas=['./colcon.meta'], base_paths=['.'], packages_ignore=None, packages_ignore_regex=None, paths=None, packages_up_to=None, packages_up_to_regex=None, packages_above=None, packages_above_and_dependencies=None, packages_above_depth=None, packages_select_by_dep=None, packages_skip_by_dep=None, packages_skip_up_to=None, packages_select_build_failed=False, packages_skip_build_finished=False, packages_select_test_failures=False, packages_skip_test_passed=False, packages_select=None, packages_skip=None, packages_select_regex=None, packages_skip_regex=None, packages_start=None, packages_end=None, allow_overriding=[], cmake_args=None, cmake_target=None, cmake_target_skip_unavailable=False, cmake_clean_cache=False, cmake_clean_first=False, cmake_force_configure=False, ament_cmake_args=None, catkin_cmake_args=None, catkin_skip_building_tests=False, mixin_files=None, mixin=None, verb_parser=<colcon_mixin.mixin.mixin_argument.MixinArgumentDecorator object at 0x73e7b2f65210>, verb_extension=<colcon_core.verb.build.BuildVerb object at 0x73e7b3056530>, main=<bound method BuildVerb.main of <colcon_core.verb.build.BuildVerb object at 0x73e7b3056530>>, mixin_verb=('build',))[0m
[7.634s] [34mcolcon.colcon_core.package_discovery[0m [1;30mLevel 1[0m discover_packages(colcon_meta) check parameters
[7.634s] [34mcolcon.colcon_core.package_discovery[0m [1;30mLevel 1[0m discover_packages(recursive) check parameters
[7.634s] [34mcolcon.colcon_core.package_discovery[0m [1;30mLevel 1[0m discover_packages(ignore) check parameters
[7.634s] [34mcolcon.colcon_core.package_discovery[0m [1;30mLevel 1[0m discover_packages(path) check parameters
[7.634s] [34mcolcon.colcon_core.package_discovery[0m [1;30mLevel 1[0m discover_packages(colcon_meta) discover
[7.634s] [34mcolcon.colcon_core.package_discovery[0m [1;30mLevel 1[0m discover_packages(recursive) discover
[7.634s] [34mcolcon.colcon_core.package_discovery[0m [1;30mINFO[0m Crawling recursively for packages in '/home/cae/ros2_ws/src/audio'
[7.634s] [34mcolcon.colcon_core.package_identification[0m [1;30mLevel 1[0m _identify(.) by extensions ['ignore', 'ignore_ament_install']
[7.634s] [34mcolcon.colcon_core.package_identification[0m [1;30mLevel 1[0m _identify(.) by extension 'ignore'
[7.634s] [34mcolcon.colcon_core.package_identification[0m [1;30mLevel 1[0m _identify(.) by extension 'ignore_ament_install'
[7.634s] [34mcolcon.colcon_core.package_identification[0m [1;30mLevel 1[0m _identify(.) by extensions ['colcon_pkg']
[7.634s] [34mcolcon.colcon_core.package_identification[0m [1;30mLevel 1[0m _identify(.) by extension 'colcon_pkg'
[7.634s] [34mcolcon.colcon_core.package_identification[0m [1;30mLevel 1[0m _identify(.) by extensions ['colcon_meta']
[7.634s] [34mcolcon.colcon_core.package_identification[0m [1;30mLevel 1[0m _identify(.) by extension 'colcon_meta'
[7.634s] [34mcolcon.colcon_core.package_identification[0m [1;30mLevel 1[0m _identify(.) by extensions ['ros']
[7.634s] [34mcolcon.colcon_core.package_identification[0m [1;30mLevel 1[0m _identify(.) by extension 'ros'
[7.705s] [34mcolcon.colcon_core.package_identification[0m [1;30mDEBUG[0m [32mPackage '.' with type 'ros.ament_python' and name 'audio'[0m
[7.705s] [34mcolcon.colcon_core.package_discovery[0m [1;30mLevel 1[0m discover_packages(recursive) using defaults
[7.705s] [34mcolcon.colcon_core.package_discovery[0m [1;30mLevel 1[0m discover_packages(ignore) discover
[7.705s] [34mcolcon.colcon_core.package_discovery[0m [1;30mLevel 1[0m discover_packages(ignore) using defaults
[7.705s] [34mcolcon.colcon_core.package_discovery[0m [1;30mLevel 1[0m discover_packages(path) discover
[7.705s] [34mcolcon.colcon_core.package_discovery[0m [1;30mLevel 1[0m discover_packages(path) using defaults
[7.815s] [34mcolcon.colcon_core.package_discovery[0m [1;30mLevel 1[0m discover_packages(prefix_path) check parameters
[7.815s] [34mcolcon.colcon_core.package_discovery[0m [1;30mLevel 1[0m discover_packages(prefix_path) discover
[7.844s] [34mcolcon.colcon_installed_package_information.package_discovery[0m [1;30mDEBUG[0m [32mFound 6 installed packages in /home/cae/ros2_ws/install[0m
[7.846s] [34mcolcon.colcon_installed_package_information.package_discovery[0m [1;30mDEBUG[0m [32mFound 291 installed packages in /opt/ros/humble[0m
[7.848s] [34mcolcon.colcon_core.package_discovery[0m [1;30mLevel 1[0m discover_packages(prefix_path) using defaults
[7.947s] [34mcolcon.colcon_core.verb[0m [1;30mLevel 5[0m set package 'audio' build argument 'cmake_args' from command line to 'None'
[7.947s] [34mcolcon.colcon_core.verb[0m [1;30mLevel 5[0m set package 'audio' build argument 'cmake_target' from command line to 'None'
[7.947s] [34mcolcon.colcon_core.verb[0m [1;30mLevel 5[0m set package 'audio' build argument 'cmake_target_skip_unavailable' from command line to 'False'
[7.947s] [34mcolcon.colcon_core.verb[0m [1;30mLevel 5[0m set package 'audio' build argument 'cmake_clean_cache' from command line to 'False'
[7.947s] [34mcolcon.colcon_core.verb[0m [1;30mLevel 5[0m set package 'audio' build argument 'cmake_clean_first' from command line to 'False'
[7.947s] [34mcolcon.colcon_core.verb[0m [1;30mLevel 5[0m set package 'audio' build argument 'cmake_force_configure' from command line to 'False'
[7.947s] [34mcolcon.colcon_core.verb[0m [1;30mLevel 5[0m set package 'audio' build argument 'ament_cmake_args' from command line to 'None'
[7.947s] [34mcolcon.colcon_core.verb[0m [1;30mLevel 5[0m set package 'audio' build argument 'catkin_cmake_args' from command line to 'None'
[7.947s] [34mcolcon.colcon_core.verb[0m [1;30mLevel 5[0m set package 'audio' build argument 'catkin_skip_building_tests' from command line to 'False'
[7.947s] [34mcolcon.colcon_core.verb[0m [1;30mDEBUG[0m [32mBuilding package 'audio' with the following arguments: {'ament_cmake_args': None, 'build_base': '/home/cae/ros2_ws/src/audio/build/audio', 'catkin_cmake_args': None, 'catkin_skip_building_tests': False, 'cmake_args': None, 'cmake_clean_cache': False, 'cmake_clean_first': False, 'cmake_force_configure': False, 'cmake_target': None, 'cmake_target_skip_unavailable': False, 'install_base': '/home/cae/ros2_ws/src/audio/install/audio', 'merge_install': False, 'path': '/home/cae/ros2_ws/src/audio', 'symlink_install': False, 'test_result_base': None}[0m
[7.947s] [34mcolcon.colcon_core.executor[0m [1;30mINFO[0m Executing jobs using 'parallel' executor
[7.948s] [34mcolcon.colcon_parallel_executor.executor.parallel[0m [1;30mDEBUG[0m [32mrun_until_complete[0m
[7.948s] [34mcolcon.colcon_ros.task.ament_python.build[0m [1;30mINFO[0m Building ROS package in '/home/cae/ros2_ws/src/audio' with build type 'ament_python'
[7.948s] [34mcolcon.colcon_core.shell[0m [1;30mLevel 1[0m create_environment_hook('audio', 'ament_prefix_path')
[7.965s] [34mcolcon.colcon_core.plugin_system[0m [1;30mINFO[0m Skipping extension 'colcon_core.shell.bat': Not used on non-Windows systems
[7.965s] [34mcolcon.colcon_core.shell[0m [1;30mINFO[0m Creating environment hook '/home/cae/ros2_ws/src/audio/install/audio/share/audio/hook/ament_prefix_path.ps1'
[7.966s] [34mcolcon.colcon_core.shell[0m [1;30mINFO[0m Creating environment descriptor '/home/cae/ros2_ws/src/audio/install/audio/share/audio/hook/ament_prefix_path.dsv'
[7.991s] [34mcolcon.colcon_core.shell[0m [1;30mINFO[0m Creating environment hook '/home/cae/ros2_ws/src/audio/install/audio/share/audio/hook/ament_prefix_path.sh'
[7.992s] [34mcolcon.colcon_core.shell[0m [1;30mINFO[0m Skip shell extension 'powershell' for command environment: Not usable outside of PowerShell
[7.992s] [34mcolcon.colcon_core.shell[0m [1;30mDEBUG[0m [32mSkip shell extension 'dsv' for command environment[0m
[8.371s] [34mcolcon.colcon_core.task.python.build[0m [1;30mINFO[0m Building Python package in '/home/cae/ros2_ws/src/audio'
[8.371s] [34mcolcon.colcon_core.shell[0m [1;30mINFO[0m Skip shell extension 'powershell' for command environment: Not usable outside of PowerShell
[8.371s] [34mcolcon.colcon_core.shell[0m [1;30mDEBUG[0m [32mSkip shell extension 'dsv' for command environment[0m
[9.252s] [34mcolcon.colcon_core.event_handler.log_command[0m [1;30mDEBUG[0m [32mInvoking command in '/home/cae/ros2_ws/src/audio': PYTHONPATH=/home/cae/ros2_ws/src/audio/build/audio/prefix_override:/home/cae/ros2_ws/src/audio/install/audio/lib/python3.10/site-packages:${PYTHONPATH} /usr/bin/python3 -W ignore:setup.py install is deprecated setup.py egg_info --egg-base build/audio build --build-base /home/cae/ros2_ws/src/audio/build/audio/build install --record /home/cae/ros2_ws/src/audio/build/audio/install.log --single-version-externally-managed install_data[0m
[9.624s] [34mcolcon.colcon_core.event_handler.log_command[0m [1;30mDEBUG[0m [32mInvoked command in '/home/cae/ros2_ws/src/audio' returned '0': PYTHONPATH=/home/cae/ros2_ws/src/audio/build/audio/prefix_override:/home/cae/ros2_ws/src/audio/install/audio/lib/python3.10/site-packages:${PYTHONPATH} /usr/bin/python3 -W ignore:setup.py install is deprecated setup.py egg_info --egg-base build/audio build --build-base /home/cae/ros2_ws/src/audio/build/audio/build install --record /home/cae/ros2_ws/src/audio/build/audio/install.log --single-version-externally-managed install_data[0m
[9.650s] [34mcolcon.colcon_core.environment[0m [1;30mLevel 1[0m checking '/home/cae/ros2_ws/src/audio/install/audio' for CMake module files
[9.650s] [34mcolcon.colcon_core.environment[0m [1;30mLevel 1[0m checking '/home/cae/ros2_ws/src/audio/install/audio' for CMake config files
[9.650s] [34mcolcon.colcon_core.environment[0m [1;30mLevel 1[0m checking '/home/cae/ros2_ws/src/audio/install/audio/lib'
[9.651s] [34mcolcon.colcon_core.environment[0m [1;30mLevel 1[0m checking '/home/cae/ros2_ws/src/audio/install/audio/bin'
[9.651s] [34mcolcon.colcon_core.environment[0m [1;30mLevel 1[0m checking '/home/cae/ros2_ws/src/audio/install/audio/lib/pkgconfig/audio.pc'
[9.651s] [34mcolcon.colcon_core.environment[0m [1;30mLevel 1[0m checking '/home/cae/ros2_ws/src/audio/install/audio/lib/python3.10/site-packages'
[9.651s] [34mcolcon.colcon_core.shell[0m [1;30mLevel 1[0m create_environment_hook('audio', 'pythonpath')
[9.651s] [34mcolcon.colcon_core.shell[0m [1;30mINFO[0m Creating environment hook '/home/cae/ros2_ws/src/audio/install/audio/share/audio/hook/pythonpath.ps1'
[9.651s] [34mcolcon.colcon_core.shell[0m [1;30mINFO[0m Creating environment descriptor '/home/cae/ros2_ws/src/audio/install/audio/share/audio/hook/pythonpath.dsv'
[9.652s] [34mcolcon.colcon_core.shell[0m [1;30mINFO[0m Creating environment hook '/home/cae/ros2_ws/src/audio/install/audio/share/audio/hook/pythonpath.sh'
[9.652s] [34mcolcon.colcon_core.environment[0m [1;30mLevel 1[0m checking '/home/cae/ros2_ws/src/audio/install/audio/bin'
[9.652s] [34mcolcon.colcon_core.environment[0m [1;30mLevel 1[0m create_environment_scripts_only(audio)
[9.652s] [34mcolcon.colcon_core.shell[0m [1;30mINFO[0m Creating package script '/home/cae/ros2_ws/src/audio/install/audio/share/audio/package.ps1'
[9.675s] [34mcolcon.colcon_core.shell[0m [1;30mINFO[0m Creating package descriptor '/home/cae/ros2_ws/src/audio/install/audio/share/audio/package.dsv'
[9.691s] [34mcolcon.colcon_core.shell[0m [1;30mINFO[0m Creating package script '/home/cae/ros2_ws/src/audio/install/audio/share/audio/package.sh'
[9.692s] [34mcolcon.colcon_core.shell[0m [1;30mINFO[0m Creating package script '/home/cae/ros2_ws/src/audio/install/audio/share/audio/package.bash'
[9.700s] [34mcolcon.colcon_core.shell[0m [1;30mINFO[0m Creating package script '/home/cae/ros2_ws/src/audio/install/audio/share/audio/package.zsh'
[9.715s] [34mcolcon.colcon_core.environment[0m [1;30mLevel 1[0m create_file_with_runtime_dependencies(/home/cae/ros2_ws/src/audio/install/audio/share/colcon-core/packages/audio)
[9.715s] [34mcolcon.colcon_parallel_executor.executor.parallel[0m [1;30mDEBUG[0m [32mclosing loop[0m
[9.716s] [34mcolcon.colcon_parallel_executor.executor.parallel[0m [1;30mDEBUG[0m [32mloop closed[0m
[9.716s] [34mcolcon.colcon_parallel_executor.executor.parallel[0m [1;30mDEBUG[0m [32mrun_until_complete finished with '0'[0m
[9.716s] [34mcolcon.colcon_core.event_reactor[0m [1;30mDEBUG[0m [32mjoining thread[0m
[9.720s] [34mcolcon.colcon_core.plugin_system[0m [1;30mINFO[0m Skipping extension 'colcon_notification.desktop_notification.terminal_notifier': Not used on non-Darwin systems
[9.720s] [34mcolcon.colcon_core.plugin_system[0m [1;30mINFO[0m Skipping extension 'colcon_notification.desktop_notification.win32': Not used on non-Windows systems
[9.720s] [34mcolcon.colcon_notification.desktop_notification[0m [1;30mINFO[0m Sending desktop notification using 'notify2'
[9.734s] [34mcolcon.colcon_core.event_reactor[0m [1;30mDEBUG[0m [32mjoined thread[0m
[9.734s] [34mcolcon.colcon_core.shell[0m [1;30mINFO[0m Creating prefix script '/home/cae/ros2_ws/src/audio/install/local_setup.ps1'
[9.746s] [34mcolcon.colcon_core.shell[0m [1;30mINFO[0m Creating prefix util module '/home/cae/ros2_ws/src/audio/install/_local_setup_util_ps1.py'
[9.748s] [34mcolcon.colcon_core.shell[0m [1;30mINFO[0m Creating prefix chain script '/home/cae/ros2_ws/src/audio/install/setup.ps1'
[9.758s] [34mcolcon.colcon_core.shell[0m [1;30mINFO[0m Creating prefix script '/home/cae/ros2_ws/src/audio/install/local_setup.sh'
[9.759s] [34mcolcon.colcon_core.shell[0m [1;30mINFO[0m Creating prefix util module '/home/cae/ros2_ws/src/audio/install/_local_setup_util_sh.py'
[9.759s] [34mcolcon.colcon_core.shell[0m [1;30mINFO[0m Creating prefix chain script '/home/cae/ros2_ws/src/audio/install/setup.sh'
[9.760s] [34mcolcon.colcon_core.shell[0m [1;30mINFO[0m Creating prefix script '/home/cae/ros2_ws/src/audio/install/local_setup.bash'
[9.760s] [34mcolcon.colcon_core.shell[0m [1;30mINFO[0m Creating prefix chain script '/home/cae/ros2_ws/src/audio/install/setup.bash'
[9.761s] [34mcolcon.colcon_core.shell[0m [1;30mINFO[0m Creating prefix script '/home/cae/ros2_ws/src/audio/install/local_setup.zsh'
[9.762s] [34mcolcon.colcon_core.shell[0m [1;30mINFO[0m Creating prefix chain script '/home/cae/ros2_ws/src/audio/install/setup.zsh'
