[0.764s] Invoking command in '/home/cae/ros2_ws/src/audio': PYTHONPATH=/home/cae/ros2_ws/src/audio/build/audio/prefix_override:/home/cae/ros2_ws/src/audio/install/audio/lib/python3.10/site-packages:${PYTHONPATH} /usr/bin/python3 -W ignore:setup.py install is deprecated setup.py egg_info --egg-base build/audio build --build-base /home/cae/ros2_ws/src/audio/build/audio/build install --record /home/cae/ros2_ws/src/audio/build/audio/install.log --single-version-externally-managed install_data
[1.051s] running egg_info
[1.052s] writing build/audio/audio.egg-info/PKG-INFO
[1.052s] writing dependency_links to build/audio/audio.egg-info/dependency_links.txt
[1.052s] writing entry points to build/audio/audio.egg-info/entry_points.txt
[1.052s] writing requirements to build/audio/audio.egg-info/requires.txt
[1.052s] writing top-level names to build/audio/audio.egg-info/top_level.txt
[1.054s] reading manifest file 'build/audio/audio.egg-info/SOURCES.txt'
[1.055s] writing manifest file 'build/audio/audio.egg-info/SOURCES.txt'
[1.055s] running build
[1.055s] running build_py
[1.055s] copying audio/emrgency_tell.py -> /home/cae/ros2_ws/src/audio/build/audio/build/lib/audio
[1.055s] running install
[1.056s] running install_lib
[1.056s] copying /home/cae/ros2_ws/src/audio/build/audio/build/lib/audio/emrgency_tell.py -> /home/cae/ros2_ws/src/audio/install/audio/lib/python3.10/site-packages/audio
[1.056s] byte-compiling /home/cae/ros2_ws/src/audio/install/audio/lib/python3.10/site-packages/audio/emrgency_tell.py to emrgency_tell.cpython-310.pyc
[1.057s] running install_data
[1.057s] running install_egg_info
[1.058s] removing '/home/cae/ros2_ws/src/audio/install/audio/lib/python3.10/site-packages/audio-0.0.0-py3.10.egg-info' (and everything under it)
[1.059s] Copying build/audio/audio.egg-info to /home/cae/ros2_ws/src/audio/install/audio/lib/python3.10/site-packages/audio-0.0.0-py3.10.egg-info
[1.059s] running install_scripts
[1.074s] writing list of installed files to '/home/cae/ros2_ws/src/audio/build/audio/install.log'
[1.090s] Invoked command in '/home/cae/ros2_ws/src/audio' returned '0': PYTHONPATH=/home/cae/ros2_ws/src/audio/build/audio/prefix_override:/home/cae/ros2_ws/src/audio/install/audio/lib/python3.10/site-packages:${PYTHONPATH} /usr/bin/python3 -W ignore:setup.py install is deprecated setup.py egg_info --egg-base build/audio build --build-base /home/cae/ros2_ws/src/audio/build/audio/build install --record /home/cae/ros2_ws/src/audio/build/audio/install.log --single-version-externally-managed install_data
