running egg_info
creating build/audio/audio.egg-info
writing build/audio/audio.egg-info/PKG-INFO
writing dependency_links to build/audio/audio.egg-info/dependency_links.txt
writing entry points to build/audio/audio.egg-info/entry_points.txt
writing requirements to build/audio/audio.egg-info/requires.txt
writing top-level names to build/audio/audio.egg-info/top_level.txt
writing manifest file 'build/audio/audio.egg-info/SOURCES.txt'
reading manifest file 'build/audio/audio.egg-info/SOURCES.txt'
writing manifest file 'build/audio/audio.egg-info/SOURCES.txt'
running build
running build_py
creating /home/cae/ros2_ws/src/audio/build/audio/build
creating /home/cae/ros2_ws/src/audio/build/audio/build/lib
creating /home/cae/ros2_ws/src/audio/build/audio/build/lib/audio
copying audio/__init__.py -> /home/cae/ros2_ws/src/audio/build/audio/build/lib/audio
copying audio/emrgency_tell.py -> /home/cae/ros2_ws/src/audio/build/audio/build/lib/audio
running install
running install_lib
creating /home/cae/ros2_ws/src/audio/install/audio/lib/python3.10/site-packages/audio
copying /home/cae/ros2_ws/src/audio/build/audio/build/lib/audio/__init__.py -> /home/cae/ros2_ws/src/audio/install/audio/lib/python3.10/site-packages/audio
copying /home/cae/ros2_ws/src/audio/build/audio/build/lib/audio/emrgency_tell.py -> /home/cae/ros2_ws/src/audio/install/audio/lib/python3.10/site-packages/audio
byte-compiling /home/cae/ros2_ws/src/audio/install/audio/lib/python3.10/site-packages/audio/__init__.py to __init__.cpython-310.pyc
byte-compiling /home/cae/ros2_ws/src/audio/install/audio/lib/python3.10/site-packages/audio/emrgency_tell.py to emrgency_tell.cpython-310.pyc
running install_data
creating /home/cae/ros2_ws/src/audio/install/audio/share/ament_index
creating /home/cae/ros2_ws/src/audio/install/audio/share/ament_index/resource_index
creating /home/cae/ros2_ws/src/audio/install/audio/share/ament_index/resource_index/packages
copying resource/audio -> /home/cae/ros2_ws/src/audio/install/audio/share/ament_index/resource_index/packages
copying package.xml -> /home/cae/ros2_ws/src/audio/install/audio/share/audio
running install_egg_info
Copying build/audio/audio.egg-info to /home/cae/ros2_ws/src/audio/install/audio/lib/python3.10/site-packages/audio-0.0.0-py3.10.egg-info
running install_scripts
writing list of installed files to '/home/cae/ros2_ws/src/audio/build/audio/install.log'
