[1.304s] Invoking command in '/home/cae/ros2_ws/src/audio': PYTHONPATH=/home/cae/ros2_ws/src/audio/build/audio/prefix_override:/home/cae/ros2_ws/src/audio/install/audio/lib/python3.10/site-packages:${PYTHONPATH} /usr/bin/python3 -W ignore:setup.py install is deprecated setup.py egg_info --egg-base build/audio build --build-base /home/cae/ros2_ws/src/audio/build/audio/build install --record /home/cae/ros2_ws/src/audio/build/audio/install.log --single-version-externally-managed install_data
[1.621s] running egg_info
[1.622s] creating build/audio/audio.egg-info
[1.622s] writing build/audio/audio.egg-info/PKG-INFO
[1.622s] writing dependency_links to build/audio/audio.egg-info/dependency_links.txt
[1.622s] writing entry points to build/audio/audio.egg-info/entry_points.txt
[1.622s] writing requirements to build/audio/audio.egg-info/requires.txt
[1.622s] writing top-level names to build/audio/audio.egg-info/top_level.txt
[1.633s] writing manifest file 'build/audio/audio.egg-info/SOURCES.txt'
[1.634s] reading manifest file 'build/audio/audio.egg-info/SOURCES.txt'
[1.635s] writing manifest file 'build/audio/audio.egg-info/SOURCES.txt'
[1.635s] running build
[1.635s] running build_py
[1.635s] creating /home/cae/ros2_ws/src/audio/build/audio/build
[1.635s] creating /home/cae/ros2_ws/src/audio/build/audio/build/lib
[1.635s] creating /home/cae/ros2_ws/src/audio/build/audio/build/lib/audio
[1.635s] copying audio/__init__.py -> /home/cae/ros2_ws/src/audio/build/audio/build/lib/audio
[1.636s] copying audio/emrgency_tell.py -> /home/cae/ros2_ws/src/audio/build/audio/build/lib/audio
[1.636s] running install
[1.636s] running install_lib
[1.636s] creating /home/cae/ros2_ws/src/audio/install/audio/lib/python3.10/site-packages/audio
[1.636s] copying /home/cae/ros2_ws/src/audio/build/audio/build/lib/audio/__init__.py -> /home/cae/ros2_ws/src/audio/install/audio/lib/python3.10/site-packages/audio
[1.636s] copying /home/cae/ros2_ws/src/audio/build/audio/build/lib/audio/emrgency_tell.py -> /home/cae/ros2_ws/src/audio/install/audio/lib/python3.10/site-packages/audio
[1.637s] byte-compiling /home/cae/ros2_ws/src/audio/install/audio/lib/python3.10/site-packages/audio/__init__.py to __init__.cpython-310.pyc
[1.637s] byte-compiling /home/cae/ros2_ws/src/audio/install/audio/lib/python3.10/site-packages/audio/emrgency_tell.py to emrgency_tell.cpython-310.pyc
[1.637s] running install_data
[1.637s] creating /home/cae/ros2_ws/src/audio/install/audio/share/ament_index
[1.638s] creating /home/cae/ros2_ws/src/audio/install/audio/share/ament_index/resource_index
[1.638s] creating /home/cae/ros2_ws/src/audio/install/audio/share/ament_index/resource_index/packages
[1.638s] copying resource/audio -> /home/cae/ros2_ws/src/audio/install/audio/share/ament_index/resource_index/packages
[1.638s] copying package.xml -> /home/cae/ros2_ws/src/audio/install/audio/share/audio
[1.638s] running install_egg_info
[1.639s] Copying build/audio/audio.egg-info to /home/cae/ros2_ws/src/audio/install/audio/lib/python3.10/site-packages/audio-0.0.0-py3.10.egg-info
[1.639s] running install_scripts
[1.655s] writing list of installed files to '/home/cae/ros2_ws/src/audio/build/audio/install.log'
[1.676s] Invoked command in '/home/cae/ros2_ws/src/audio' returned '0': PYTHONPATH=/home/cae/ros2_ws/src/audio/build/audio/prefix_override:/home/cae/ros2_ws/src/audio/install/audio/lib/python3.10/site-packages:${PYTHONPATH} /usr/bin/python3 -W ignore:setup.py install is deprecated setup.py egg_info --egg-base build/audio build --build-base /home/cae/ros2_ws/src/audio/build/audio/build install --record /home/cae/ros2_ws/src/audio/build/audio/install.log --single-version-externally-managed install_data
